[debug] [2018-03-05T04:36:54.070Z] ----------------------------------------------------------------------
[debug] [2018-03-05T04:36:54.072Z] Command:       /usr/local/Cellar/node/9.5.0/bin/node /usr/local/bin/firebase serve
[debug] [2018-03-05T04:36:54.072Z] CLI Version:   3.17.4
[debug] [2018-03-05T04:36:54.072Z] Platform:      darwin
[debug] [2018-03-05T04:36:54.072Z] Node Version:  v9.5.0
[debug] [2018-03-05T04:36:54.073Z] Time:          Sun Mar 04 2018 22:36:54 GMT-0600 (CST)
[debug] [2018-03-05T04:36:54.073Z] ----------------------------------------------------------------------
[debug] 
[debug] [2018-03-05T04:36:54.087Z] > command requires scopes: ["email","openid","https://www.googleapis.com/auth/cloudplatformprojects.readonly","https://www.googleapis.com/auth/firebase","https://www.googleapis.com/auth/cloud-platform"]
[debug] [2018-03-05T04:36:54.087Z] > authorizing via signed-in user
[debug] [2018-03-05T04:36:54.088Z] >>> HTTP REQUEST GET https://admin.firebase.com/v1/projects/iteraenu  
  
 Sun Mar 04 2018 22:36:54 GMT-0600 (CST)
[debug] [2018-03-05T04:36:55.868Z] <<< HTTP RESPONSE 200
[debug] [2018-03-05T04:36:55.869Z] >>> HTTP REQUEST GET https://admin.firebase.com/v1/database/iteraenu/tokens  
  
 Sun Mar 04 2018 22:36:55 GMT-0600 (CST)
[debug] [2018-03-05T04:36:56.273Z] <<< HTTP RESPONSE 200
[info] 
[info] === Serving from '/Users/John/Iterae-Final'...
[info] 
[debug] [2018-03-05T04:36:56.277Z] >>> HTTP REQUEST GET https://cloudresourcemanager.googleapis.com/v1/projects/iteraenu  
  
 Sun Mar 04 2018 22:36:56 GMT-0600 (CST)
[debug] [2018-03-05T04:36:56.505Z] <<< HTTP RESPONSE 200
[debug] [2018-03-05T04:36:56.505Z] >>> HTTP REQUEST GET https://mobilesdk-pa.googleapis.com/v1/projects/522247821675/clients/_:getWebAppConfig  
  
 Sun Mar 04 2018 22:36:56 GMT-0600 (CST)
[debug] [2018-03-05T04:36:56.742Z] <<< HTTP RESPONSE 200
[info] i  hosting: Serving hosting files from: public
[info] ✔  hosting: Local server: http://localhost:5000

